app/build/intermediates/manifest_merge_blame_file/debug/processDebugMainManifest/manifest-merger-blame-debug-report.txt
1<?xml version="1.0" encoding="utf-8"?>
2<manifest xmlns:android="http://schemas.android.com/apk/res/android"
3    package="com.example.innertemp"
4    android:versionCode="1"
5    android:versionName="1.0" >
6
7    <uses-sdk
8        android:minSdkVersion="24"
9        android:targetSdkVersion="35" />
10
11    <uses-permission android:name="android.permission.ACCESS_COARSE_LOCATION" />
11-->src\main\AndroidManifest.xml:5:5-81
11-->src\main\AndroidManifest.xml:5:22-78
12    <uses-permission android:name="android.permission.ACCESS_FINE_LOCATION" />
12-->src\main\AndroidManifest.xml:6:5-79
12-->src\main\AndroidManifest.xml:6:22-76
13    <uses-permission android:name="android.permission.BLUETOOTH" />
13-->src\main\AndroidManifest.xml:7:5-68
13-->src\main\AndroidManifest.xml:7:22-65
14    <uses-permission android:name="android.permission.BLUETOOTH_ADMIN" />
14-->src\main\AndroidManifest.xml:8:5-74
14-->src\main\AndroidManifest.xml:8:22-71
15    <uses-permission android:name="android.permission.BLUETOOTH_CONNECT" />
15-->src\main\AndroidManifest.xml:9:5-76
15-->src\main\AndroidManifest.xml:9:22-73
16    <uses-permission android:name="android.permission.BLUETOOTH_SCAN" />
16-->src\main\AndroidManifest.xml:10:5-73
16-->src\main\AndroidManifest.xml:10:22-70
17    <uses-permission android:name="android.permission.POST_NOTIFICATIONS" />
17-->src\main\AndroidManifest.xml:11:5-77
17-->src\main\AndroidManifest.xml:11:22-74
18    <uses-permission android:name="android.permission.WAKE_LOCK" />
18-->src\main\AndroidManifest.xml:12:5-68
18-->src\main\AndroidManifest.xml:12:22-65
19    <uses-permission android:name="com.google.android.gms.permission.ACTIVITY_RECOGNITION" />
19-->src\main\AndroidManifest.xml:13:5-94
19-->src\main\AndroidManifest.xml:13:22-91
20    <uses-permission android:name="android.permission.INTERNET" />
20-->src\main\AndroidManifest.xml:15:5-67
20-->src\main\AndroidManifest.xml:15:22-64
21
22    <queries>
22-->[com.facebook.android:facebook-common:16.1.3] AndroidManifest.xml:17:5-19:15
23        <package android:name="com.facebook.katana" />
23-->[com.facebook.android:facebook-common:16.1.3] AndroidManifest.xml:18:9-55
23-->[com.facebook.android:facebook-common:16.1.3] AndroidManifest.xml:18:18-52
24    </queries>
25
26    <uses-permission android:name="android.permission.ACCESS_NETWORK_STATE" />
26-->[com.google.firebase:firebase-auth:23.2.0] AndroidManifest.xml:26:5-79
26-->[com.google.firebase:firebase-auth:23.2.0] AndroidManifest.xml:26:22-76
27    <uses-permission android:name="com.google.android.finsky.permission.BIND_GET_INSTALL_REFERRER_SERVICE" />
27-->[com.google.android.gms:play-services-measurement:22.4.0] AndroidManifest.xml:26:5-110
27-->[com.google.android.gms:play-services-measurement:22.4.0] AndroidManifest.xml:26:22-107
28    <uses-permission android:name="com.google.android.gms.permission.AD_ID" />
28-->[com.google.android.gms:play-services-measurement-api:22.4.0] AndroidManifest.xml:25:5-79
28-->[com.google.android.gms:play-services-measurement-api:22.4.0] AndroidManifest.xml:25:22-76
29    <uses-permission android:name="android.permission.ACCESS_ADSERVICES_ATTRIBUTION" />
29-->[com.google.android.gms:play-services-measurement-api:22.4.0] AndroidManifest.xml:26:5-88
29-->[com.google.android.gms:play-services-measurement-api:22.4.0] AndroidManifest.xml:26:22-85
30    <uses-permission android:name="android.permission.ACCESS_ADSERVICES_AD_ID" />
30-->[com.google.android.gms:play-services-measurement-api:22.4.0] AndroidManifest.xml:27:5-82
30-->[com.google.android.gms:play-services-measurement-api:22.4.0] AndroidManifest.xml:27:22-79
31    <uses-permission android:name="com.google.android.providers.gsf.permission.READ_GSERVICES" />
31-->[com.google.android.recaptcha:recaptcha:18.6.1] AndroidManifest.xml:9:5-98
31-->[com.google.android.recaptcha:recaptcha:18.6.1] AndroidManifest.xml:9:22-95
32
33    <permission
33-->[androidx.core:core:1.15.0] AndroidManifest.xml:22:5-24:47
34        android:name="com.example.innertemp.DYNAMIC_RECEIVER_NOT_EXPORTED_PERMISSION"
34-->[androidx.core:core:1.15.0] AndroidManifest.xml:23:9-81
35        android:protectionLevel="signature" />
35-->[androidx.core:core:1.15.0] AndroidManifest.xml:24:9-44
36
37    <uses-permission android:name="com.example.innertemp.DYNAMIC_RECEIVER_NOT_EXPORTED_PERMISSION" />
37-->[androidx.core:core:1.15.0] AndroidManifest.xml:26:5-97
37-->[androidx.core:core:1.15.0] AndroidManifest.xml:26:22-94
38
39    <application
39-->src\main\AndroidManifest.xml:17:5-78:19
40        android:allowBackup="true"
40-->src\main\AndroidManifest.xml:18:9-35
41        android:appComponentFactory="androidx.core.app.CoreComponentFactory"
41-->[androidx.core:core:1.15.0] AndroidManifest.xml:28:18-86
42        android:dataExtractionRules="@xml/data_extraction_rules"
42-->src\main\AndroidManifest.xml:19:9-65
43        android:debuggable="true"
44        android:extractNativeLibs="false"
45        android:fullBackupContent="@xml/backup_rules"
45-->src\main\AndroidManifest.xml:20:9-54
46        android:icon="@mipmap/ic_launcher"
46-->src\main\AndroidManifest.xml:21:9-43
47        android:label="@string/app_name"
47-->src\main\AndroidManifest.xml:22:9-41
48        android:roundIcon="@mipmap/ic_launcher_round"
48-->src\main\AndroidManifest.xml:23:9-54
49        android:supportsRtl="true"
49-->src\main\AndroidManifest.xml:24:9-35
50        android:testOnly="true"
51        android:theme="@style/Theme.InnerTemp" >
51-->src\main\AndroidManifest.xml:25:9-47
52        <meta-data
52-->src\main\AndroidManifest.xml:28:9-30:55
53            android:name="com.facebook.sdk.ApplicationId"
53-->src\main\AndroidManifest.xml:29:13-58
54            android:value="@string/facebook_app_id" />
54-->src\main\AndroidManifest.xml:30:13-52
55        <meta-data
55-->src\main\AndroidManifest.xml:31:9-33:61
56            android:name="com.facebook.sdk.ClientToken"
56-->src\main\AndroidManifest.xml:32:13-56
57            android:value="@string/facebook_client_token" />
57-->src\main\AndroidManifest.xml:33:13-58
58
59        <activity
59-->src\main\AndroidManifest.xml:35:9-38:48
60            android:name="com.facebook.FacebookActivity"
60-->src\main\AndroidManifest.xml:36:13-57
61            android:configChanges="keyboard|keyboardHidden|screenLayout|screenSize|orientation"
61-->src\main\AndroidManifest.xml:37:13-96
62            android:label="@string/app_name"
62-->src\main\AndroidManifest.xml:38:13-45
63            android:theme="@style/com_facebook_activity_theme" />
63-->[com.facebook.android:facebook-common:16.1.3] AndroidManifest.xml:25:13-63
64        <activity
64-->src\main\AndroidManifest.xml:39:9-49:20
65            android:name="com.facebook.CustomTabActivity"
65-->src\main\AndroidManifest.xml:40:13-58
66            android:exported="true" >
66-->src\main\AndroidManifest.xml:41:13-36
67            <intent-filter>
67-->src\main\AndroidManifest.xml:42:13-48:29
68                <action android:name="android.intent.action.VIEW" />
68-->src\main\AndroidManifest.xml:43:17-69
68-->src\main\AndroidManifest.xml:43:25-66
69
70                <category android:name="android.intent.category.DEFAULT" />
70-->src\main\AndroidManifest.xml:44:17-76
70-->src\main\AndroidManifest.xml:44:27-73
71                <category android:name="android.intent.category.BROWSABLE" />
71-->src\main\AndroidManifest.xml:45:17-78
71-->src\main\AndroidManifest.xml:45:27-75
72
73                <data android:scheme="@string/fb_login_protocol_scheme" />
73-->src\main\AndroidManifest.xml:46:17-47:54
73-->src\main\AndroidManifest.xml:46:23-72
74            </intent-filter>
75            <intent-filter>
75-->[com.facebook.android:facebook-common:16.1.3] AndroidManifest.xml:31:13-40:29
76                <action android:name="android.intent.action.VIEW" />
76-->src\main\AndroidManifest.xml:43:17-69
76-->src\main\AndroidManifest.xml:43:25-66
77
78                <category android:name="android.intent.category.DEFAULT" />
78-->src\main\AndroidManifest.xml:44:17-76
78-->src\main\AndroidManifest.xml:44:27-73
79                <category android:name="android.intent.category.BROWSABLE" />
79-->src\main\AndroidManifest.xml:45:17-78
79-->src\main\AndroidManifest.xml:45:27-75
80
81                <data
81-->src\main\AndroidManifest.xml:46:17-47:54
82                    android:host="cct.com.example.innertemp"
83                    android:scheme="fbconnect" />
83-->src\main\AndroidManifest.xml:46:23-72
84            </intent-filter>
85        </activity>
86        <activity
86-->src\main\AndroidManifest.xml:51:9-54:54
87            android:name="com.example.innertemp.HistoryActivity"
87-->src\main\AndroidManifest.xml:52:13-44
88            android:exported="false"
88-->src\main\AndroidManifest.xml:53:13-37
89            android:theme="@style/Theme.InnerTemp" />
89-->src\main\AndroidManifest.xml:54:13-51
90        <activity
90-->src\main\AndroidManifest.xml:55:9-58:54
91            android:name="com.example.innertemp.AccountActivity"
91-->src\main\AndroidManifest.xml:56:13-44
92            android:exported="false"
92-->src\main\AndroidManifest.xml:57:13-37
93            android:theme="@style/Theme.InnerTemp" />
93-->src\main\AndroidManifest.xml:58:13-51
94        <activity
94-->src\main\AndroidManifest.xml:59:9-62:54
95            android:name="com.example.innertemp.ProfileActivity"
95-->src\main\AndroidManifest.xml:60:13-44
96            android:exported="false"
96-->src\main\AndroidManifest.xml:61:13-37
97            android:theme="@style/Theme.InnerTemp" />
97-->src\main\AndroidManifest.xml:62:13-51
98        <activity
98-->src\main\AndroidManifest.xml:63:9-66:54
99            android:name="com.example.innertemp.SettingsActivity"
99-->src\main\AndroidManifest.xml:64:13-45
100            android:exported="false"
100-->src\main\AndroidManifest.xml:65:13-37
101            android:theme="@style/Theme.InnerTemp" />
101-->src\main\AndroidManifest.xml:66:13-51
102        <activity
102-->src\main\AndroidManifest.xml:67:9-77:20
103            android:name="com.example.innertemp.MainActivity"
103-->src\main\AndroidManifest.xml:68:13-41
104            android:exported="true"
104-->src\main\AndroidManifest.xml:69:13-36
105            android:label="@string/app_name"
105-->src\main\AndroidManifest.xml:70:13-45
106            android:theme="@style/Theme.InnerTemp" >
106-->src\main\AndroidManifest.xml:71:13-51
107            <intent-filter>
107-->src\main\AndroidManifest.xml:72:13-76:29
108                <action android:name="android.intent.action.MAIN" />
108-->src\main\AndroidManifest.xml:73:17-69
108-->src\main\AndroidManifest.xml:73:25-66
109
110                <category android:name="android.intent.category.LAUNCHER" />
110-->src\main\AndroidManifest.xml:75:17-77
110-->src\main\AndroidManifest.xml:75:27-74
111            </intent-filter>
112        </activity>
113        <activity android:name="com.facebook.CustomTabMainActivity" />
113-->[com.facebook.android:facebook-common:16.1.3] AndroidManifest.xml:26:9-71
113-->[com.facebook.android:facebook-common:16.1.3] AndroidManifest.xml:26:19-68
114        <activity
114-->[androidx.compose.ui:ui-tooling-android:1.8.0] AndroidManifest.xml:23:9-25:39
115            android:name="androidx.compose.ui.tooling.PreviewActivity"
115-->[androidx.compose.ui:ui-tooling-android:1.8.0] AndroidManifest.xml:24:13-71
116            android:exported="true" />
116-->[androidx.compose.ui:ui-tooling-android:1.8.0] AndroidManifest.xml:25:13-36
117        <activity
117-->[androidx.compose.ui:ui-test-manifest:1.8.0] AndroidManifest.xml:23:9-26:79
118            android:name="androidx.activity.ComponentActivity"
118-->[androidx.compose.ui:ui-test-manifest:1.8.0] AndroidManifest.xml:24:13-63
119            android:exported="true"
119-->[androidx.compose.ui:ui-test-manifest:1.8.0] AndroidManifest.xml:25:13-36
120            android:theme="@android:style/Theme.Material.Light.NoActionBar" />
120-->[androidx.compose.ui:ui-test-manifest:1.8.0] AndroidManifest.xml:26:13-76
121
122        <service
122-->[com.google.firebase:firebase-auth-ktx:23.2.0] AndroidManifest.xml:8:9-14:19
123            android:name="com.google.firebase.components.ComponentDiscoveryService"
123-->[com.google.firebase:firebase-auth-ktx:23.2.0] AndroidManifest.xml:9:13-84
124            android:directBootAware="true"
124-->[com.google.firebase:firebase-common:21.0.0] AndroidManifest.xml:32:13-43
125            android:exported="false" >
125-->[com.google.firebase:firebase-auth-ktx:23.2.0] AndroidManifest.xml:10:13-37
126            <meta-data
126-->[com.google.firebase:firebase-auth-ktx:23.2.0] AndroidManifest.xml:11:13-13:85
127                android:name="com.google.firebase.components:com.google.firebase.auth.ktx.FirebaseAuthLegacyRegistrar"
127-->[com.google.firebase:firebase-auth-ktx:23.2.0] AndroidManifest.xml:12:17-119
128                android:value="com.google.firebase.components.ComponentRegistrar" />
128-->[com.google.firebase:firebase-auth-ktx:23.2.0] AndroidManifest.xml:13:17-82
129            <meta-data
129-->[com.google.firebase:firebase-auth:23.2.0] AndroidManifest.xml:69:13-71:85
130                android:name="com.google.firebase.components:com.google.firebase.auth.FirebaseAuthRegistrar"
130-->[com.google.firebase:firebase-auth:23.2.0] AndroidManifest.xml:70:17-109
131                android:value="com.google.firebase.components.ComponentRegistrar" />
131-->[com.google.firebase:firebase-auth:23.2.0] AndroidManifest.xml:71:17-82
132            <meta-data
132-->[com.google.android.gms:play-services-measurement-api:22.4.0] AndroidManifest.xml:33:13-35:85
133                android:name="com.google.firebase.components:com.google.firebase.analytics.connector.internal.AnalyticsConnectorRegistrar"
133-->[com.google.android.gms:play-services-measurement-api:22.4.0] AndroidManifest.xml:34:17-139
134                android:value="com.google.firebase.components.ComponentRegistrar" />
134-->[com.google.android.gms:play-services-measurement-api:22.4.0] AndroidManifest.xml:35:17-82
135            <meta-data
135-->[com.google.firebase:firebase-firestore-ktx:25.1.4] AndroidManifest.xml:12:13-14:85
136                android:name="com.google.firebase.components:com.google.firebase.firestore.ktx.FirebaseFirestoreLegacyRegistrar"
136-->[com.google.firebase:firebase-firestore-ktx:25.1.4] AndroidManifest.xml:13:17-129
137                android:value="com.google.firebase.components.ComponentRegistrar" />
137-->[com.google.firebase:firebase-firestore-ktx:25.1.4] AndroidManifest.xml:14:17-82
138            <meta-data
138-->[com.google.firebase:firebase-firestore:25.1.4] AndroidManifest.xml:17:13-19:85
139                android:name="com.google.firebase.components:com.google.firebase.firestore.FirebaseFirestoreKtxRegistrar"
139-->[com.google.firebase:firebase-firestore:25.1.4] AndroidManifest.xml:18:17-122
140                android:value="com.google.firebase.components.ComponentRegistrar" />
140-->[com.google.firebase:firebase-firestore:25.1.4] AndroidManifest.xml:19:17-82
141            <meta-data
141-->[com.google.firebase:firebase-firestore:25.1.4] AndroidManifest.xml:20:13-22:85
142                android:name="com.google.firebase.components:com.google.firebase.firestore.FirestoreRegistrar"
142-->[com.google.firebase:firebase-firestore:25.1.4] AndroidManifest.xml:21:17-111
143                android:value="com.google.firebase.components.ComponentRegistrar" />
143-->[com.google.firebase:firebase-firestore:25.1.4] AndroidManifest.xml:22:17-82
144            <meta-data
144-->[com.google.firebase:firebase-installations:18.0.0] AndroidManifest.xml:15:13-17:85
145                android:name="com.google.firebase.components:com.google.firebase.installations.FirebaseInstallationsKtxRegistrar"
145-->[com.google.firebase:firebase-installations:18.0.0] AndroidManifest.xml:16:17-130
146                android:value="com.google.firebase.components.ComponentRegistrar" />
146-->[com.google.firebase:firebase-installations:18.0.0] AndroidManifest.xml:17:17-82
147            <meta-data
147-->[com.google.firebase:firebase-installations:18.0.0] AndroidManifest.xml:18:13-20:85
148                android:name="com.google.firebase.components:com.google.firebase.installations.FirebaseInstallationsRegistrar"
148-->[com.google.firebase:firebase-installations:18.0.0] AndroidManifest.xml:19:17-127
149                android:value="com.google.firebase.components.ComponentRegistrar" />
149-->[com.google.firebase:firebase-installations:18.0.0] AndroidManifest.xml:20:17-82
150            <meta-data
150-->[com.google.firebase:firebase-common-ktx:21.0.0] AndroidManifest.xml:12:13-14:85
151                android:name="com.google.firebase.components:com.google.firebase.ktx.FirebaseCommonLegacyRegistrar"
151-->[com.google.firebase:firebase-common-ktx:21.0.0] AndroidManifest.xml:13:17-116
152                android:value="com.google.firebase.components.ComponentRegistrar" />
152-->[com.google.firebase:firebase-common-ktx:21.0.0] AndroidManifest.xml:14:17-82
153            <meta-data
153-->[com.google.firebase:firebase-common:21.0.0] AndroidManifest.xml:35:13-37:85
154                android:name="com.google.firebase.components:com.google.firebase.FirebaseCommonKtxRegistrar"
154-->[com.google.firebase:firebase-common:21.0.0] AndroidManifest.xml:36:17-109
155                android:value="com.google.firebase.components.ComponentRegistrar" />
155-->[com.google.firebase:firebase-common:21.0.0] AndroidManifest.xml:37:17-82
156        </service>
157
158        <activity
158-->[com.google.firebase:firebase-auth:23.2.0] AndroidManifest.xml:29:9-46:20
159            android:name="com.google.firebase.auth.internal.GenericIdpActivity"
159-->[com.google.firebase:firebase-auth:23.2.0] AndroidManifest.xml:30:13-80
160            android:excludeFromRecents="true"
160-->[com.google.firebase:firebase-auth:23.2.0] AndroidManifest.xml:31:13-46
161            android:exported="true"
161-->[com.google.firebase:firebase-auth:23.2.0] AndroidManifest.xml:32:13-36
162            android:launchMode="singleTask"
162-->[com.google.firebase:firebase-auth:23.2.0] AndroidManifest.xml:33:13-44
163            android:theme="@android:style/Theme.Translucent.NoTitleBar" >
163-->[com.google.firebase:firebase-auth:23.2.0] AndroidManifest.xml:34:13-72
164            <intent-filter>
164-->[com.google.firebase:firebase-auth:23.2.0] AndroidManifest.xml:35:13-45:29
165                <action android:name="android.intent.action.VIEW" />
165-->src\main\AndroidManifest.xml:43:17-69
165-->src\main\AndroidManifest.xml:43:25-66
166
167                <category android:name="android.intent.category.DEFAULT" />
167-->src\main\AndroidManifest.xml:44:17-76
167-->src\main\AndroidManifest.xml:44:27-73
168                <category android:name="android.intent.category.BROWSABLE" />
168-->src\main\AndroidManifest.xml:45:17-78
168-->src\main\AndroidManifest.xml:45:27-75
169
170                <data
170-->src\main\AndroidManifest.xml:46:17-47:54
171                    android:host="firebase.auth"
172                    android:path="/"
173                    android:scheme="genericidp" />
173-->src\main\AndroidManifest.xml:46:23-72
174            </intent-filter>
175        </activity>
176        <activity
176-->[com.google.firebase:firebase-auth:23.2.0] AndroidManifest.xml:47:9-64:20
177            android:name="com.google.firebase.auth.internal.RecaptchaActivity"
177-->[com.google.firebase:firebase-auth:23.2.0] AndroidManifest.xml:48:13-79
178            android:excludeFromRecents="true"
178-->[com.google.firebase:firebase-auth:23.2.0] AndroidManifest.xml:49:13-46
179            android:exported="true"
179-->[com.google.firebase:firebase-auth:23.2.0] AndroidManifest.xml:50:13-36
180            android:launchMode="singleTask"
180-->[com.google.firebase:firebase-auth:23.2.0] AndroidManifest.xml:51:13-44
181            android:theme="@android:style/Theme.Translucent.NoTitleBar" >
181-->[com.google.firebase:firebase-auth:23.2.0] AndroidManifest.xml:52:13-72
182            <intent-filter>
182-->[com.google.firebase:firebase-auth:23.2.0] AndroidManifest.xml:53:13-63:29
183                <action android:name="android.intent.action.VIEW" />
183-->src\main\AndroidManifest.xml:43:17-69
183-->src\main\AndroidManifest.xml:43:25-66
184
185                <category android:name="android.intent.category.DEFAULT" />
185-->src\main\AndroidManifest.xml:44:17-76
185-->src\main\AndroidManifest.xml:44:27-73
186                <category android:name="android.intent.category.BROWSABLE" />
186-->src\main\AndroidManifest.xml:45:17-78
186-->src\main\AndroidManifest.xml:45:27-75
187
188                <data
188-->src\main\AndroidManifest.xml:46:17-47:54
189                    android:host="firebase.auth"
190                    android:path="/"
191                    android:scheme="recaptcha" />
191-->src\main\AndroidManifest.xml:46:23-72
192            </intent-filter>
193        </activity>
194
195        <service
195-->[androidx.credentials:credentials-play-services-auth:1.3.0] AndroidManifest.xml:24:9-32:19
196            android:name="androidx.credentials.playservices.CredentialProviderMetadataHolder"
196-->[androidx.credentials:credentials-play-services-auth:1.3.0] AndroidManifest.xml:25:13-94
197            android:enabled="true"
197-->[androidx.credentials:credentials-play-services-auth:1.3.0] AndroidManifest.xml:26:13-35
198            android:exported="false" >
198-->[androidx.credentials:credentials-play-services-auth:1.3.0] AndroidManifest.xml:27:13-37
199            <meta-data
199-->[androidx.credentials:credentials-play-services-auth:1.3.0] AndroidManifest.xml:29:13-31:104
200                android:name="androidx.credentials.CREDENTIAL_PROVIDER_KEY"
200-->[androidx.credentials:credentials-play-services-auth:1.3.0] AndroidManifest.xml:30:17-76
201                android:value="androidx.credentials.playservices.CredentialProviderPlayServicesImpl" />
201-->[androidx.credentials:credentials-play-services-auth:1.3.0] AndroidManifest.xml:31:17-101
202        </service>
203
204        <activity
204-->[androidx.credentials:credentials-play-services-auth:1.3.0] AndroidManifest.xml:34:9-41:20
205            android:name="androidx.credentials.playservices.HiddenActivity"
205-->[androidx.credentials:credentials-play-services-auth:1.3.0] AndroidManifest.xml:35:13-76
206            android:configChanges="orientation|screenSize|screenLayout|keyboardHidden"
206-->[androidx.credentials:credentials-play-services-auth:1.3.0] AndroidManifest.xml:36:13-87
207            android:enabled="true"
207-->[androidx.credentials:credentials-play-services-auth:1.3.0] AndroidManifest.xml:37:13-35
208            android:exported="false"
208-->[androidx.credentials:credentials-play-services-auth:1.3.0] AndroidManifest.xml:38:13-37
209            android:fitsSystemWindows="true"
209-->[androidx.credentials:credentials-play-services-auth:1.3.0] AndroidManifest.xml:39:13-45
210            android:theme="@style/Theme.Hidden" >
210-->[androidx.credentials:credentials-play-services-auth:1.3.0] AndroidManifest.xml:40:13-48
211        </activity>
212        <activity
212-->[com.google.android.gms:play-services-auth:21.1.1] AndroidManifest.xml:23:9-27:75
213            android:name="com.google.android.gms.auth.api.signin.internal.SignInHubActivity"
213-->[com.google.android.gms:play-services-auth:21.1.1] AndroidManifest.xml:24:13-93
214            android:excludeFromRecents="true"
214-->[com.google.android.gms:play-services-auth:21.1.1] AndroidManifest.xml:25:13-46
215            android:exported="false"
215-->[com.google.android.gms:play-services-auth:21.1.1] AndroidManifest.xml:26:13-37
216            android:theme="@android:style/Theme.Translucent.NoTitleBar" />
216-->[com.google.android.gms:play-services-auth:21.1.1] AndroidManifest.xml:27:13-72
217        <!--
218            Service handling Google Sign-In user revocation. For apps that do not integrate with
219            Google Sign-In, this service will never be started.
220        -->
221        <service
221-->[com.google.android.gms:play-services-auth:21.1.1] AndroidManifest.xml:33:9-37:51
222            android:name="com.google.android.gms.auth.api.signin.RevocationBoundService"
222-->[com.google.android.gms:play-services-auth:21.1.1] AndroidManifest.xml:34:13-89
223            android:exported="true"
223-->[com.google.android.gms:play-services-auth:21.1.1] AndroidManifest.xml:35:13-36
224            android:permission="com.google.android.gms.auth.api.signin.permission.REVOCATION_NOTIFICATION"
224-->[com.google.android.gms:play-services-auth:21.1.1] AndroidManifest.xml:36:13-107
225            android:visibleToInstantApps="true" />
225-->[com.google.android.gms:play-services-auth:21.1.1] AndroidManifest.xml:37:13-48
226
227        <receiver
227-->[com.google.android.gms:play-services-measurement:22.4.0] AndroidManifest.xml:29:9-33:20
228            android:name="com.google.android.gms.measurement.AppMeasurementReceiver"
228-->[com.google.android.gms:play-services-measurement:22.4.0] AndroidManifest.xml:30:13-85
229            android:enabled="true"
229-->[com.google.android.gms:play-services-measurement:22.4.0] AndroidManifest.xml:31:13-35
230            android:exported="false" >
230-->[com.google.android.gms:play-services-measurement:22.4.0] AndroidManifest.xml:32:13-37
231        </receiver>
232
233        <service
233-->[com.google.android.gms:play-services-measurement:22.4.0] AndroidManifest.xml:35:9-38:40
234            android:name="com.google.android.gms.measurement.AppMeasurementService"
234-->[com.google.android.gms:play-services-measurement:22.4.0] AndroidManifest.xml:36:13-84
235            android:enabled="true"
235-->[com.google.android.gms:play-services-measurement:22.4.0] AndroidManifest.xml:37:13-35
236            android:exported="false" />
236-->[com.google.android.gms:play-services-measurement:22.4.0] AndroidManifest.xml:38:13-37
237        <service
237-->[com.google.android.gms:play-services-measurement:22.4.0] AndroidManifest.xml:39:9-43:72
238            android:name="com.google.android.gms.measurement.AppMeasurementJobService"
238-->[com.google.android.gms:play-services-measurement:22.4.0] AndroidManifest.xml:40:13-87
239            android:enabled="true"
239-->[com.google.android.gms:play-services-measurement:22.4.0] AndroidManifest.xml:41:13-35
240            android:exported="false"
240-->[com.google.android.gms:play-services-measurement:22.4.0] AndroidManifest.xml:42:13-37
241            android:permission="android.permission.BIND_JOB_SERVICE" />
241-->[com.google.android.gms:play-services-measurement:22.4.0] AndroidManifest.xml:43:13-69
242
243        <provider
243-->[com.google.firebase:firebase-common:21.0.0] AndroidManifest.xml:23:9-28:39
244            android:name="com.google.firebase.provider.FirebaseInitProvider"
244-->[com.google.firebase:firebase-common:21.0.0] AndroidManifest.xml:24:13-77
245            android:authorities="com.example.innertemp.firebaseinitprovider"
245-->[com.google.firebase:firebase-common:21.0.0] AndroidManifest.xml:25:13-72
246            android:directBootAware="true"
246-->[com.google.firebase:firebase-common:21.0.0] AndroidManifest.xml:26:13-43
247            android:exported="false"
247-->[com.google.firebase:firebase-common:21.0.0] AndroidManifest.xml:27:13-37
248            android:initOrder="100" />
248-->[com.google.firebase:firebase-common:21.0.0] AndroidManifest.xml:28:13-36
249        <!--
250         The initialization ContentProvider will call FacebookSdk.sdkInitialize automatically
251         with the application context. This config is merged in with the host app's manifest,
252         but there can only be one provider with the same authority activated at any given
253         point; so if the end user has two or more different apps that use Facebook SDK, only the
254         first one will be able to use the provider. To work around this problem, we use the
255         following placeholder in the authority to identify each host application as if it was
256         a completely different provider.
257        -->
258        <provider
258-->[com.facebook.android:facebook-core:16.1.3] AndroidManifest.xml:29:9-32:40
259            android:name="com.facebook.internal.FacebookInitProvider"
259-->[com.facebook.android:facebook-core:16.1.3] AndroidManifest.xml:30:13-70
260            android:authorities="com.example.innertemp.FacebookInitProvider"
260-->[com.facebook.android:facebook-core:16.1.3] AndroidManifest.xml:31:13-72
261            android:exported="false" />
261-->[com.facebook.android:facebook-core:16.1.3] AndroidManifest.xml:32:13-37
262
263        <receiver
263-->[com.facebook.android:facebook-core:16.1.3] AndroidManifest.xml:34:9-40:20
264            android:name="com.facebook.CurrentAccessTokenExpirationBroadcastReceiver"
264-->[com.facebook.android:facebook-core:16.1.3] AndroidManifest.xml:35:13-86
265            android:exported="false" >
265-->[com.facebook.android:facebook-core:16.1.3] AndroidManifest.xml:36:13-37
266            <intent-filter>
266-->[com.facebook.android:facebook-core:16.1.3] AndroidManifest.xml:37:13-39:29
267                <action android:name="com.facebook.sdk.ACTION_CURRENT_ACCESS_TOKEN_CHANGED" />
267-->[com.facebook.android:facebook-core:16.1.3] AndroidManifest.xml:38:17-95
267-->[com.facebook.android:facebook-core:16.1.3] AndroidManifest.xml:38:25-92
268            </intent-filter>
269        </receiver>
270        <receiver
270-->[com.facebook.android:facebook-core:16.1.3] AndroidManifest.xml:41:9-47:20
271            android:name="com.facebook.AuthenticationTokenManager$CurrentAuthenticationTokenChangedBroadcastReceiver"
271-->[com.facebook.android:facebook-core:16.1.3] AndroidManifest.xml:42:13-118
272            android:exported="false" >
272-->[com.facebook.android:facebook-core:16.1.3] AndroidManifest.xml:43:13-37
273            <intent-filter>